<html>
<body>
<pre>
<h1>µVision Build Log</h1>
<h2>Tool Versions:</h2>
IDE-Version: ¦ÌVision V5.25.3.0
Copyright (C) 2018 ARM Ltd and ARM Germany GmbH. All rights reserved.
License Information: cxk cxk, cxk, LIC=21NXV-PBB1R-SL3CN-Y18ZN-FH8E5-588TD
 
Tool Versions:
Toolchain:       PK51 Prof. Developers Kit  Version: 9.60.7.0
Toolchain Path:  C:\Keil_v5\C51\BIN
C Compiler:      C51.exe V9.60.7.0
Assembler:       A51.exe V8.2.7.0
Linker/Locator:  BL51.exe V6.22.4.0
Library Manager: LIB51.exe V4.30.1.0
Hex Converter:   OH51.exe V2.7.0.0
CPU DLL:         S8051.DLL V3.125.1.0
Dialog DLL:      DP51.DLL V2.69.0.0 
<h2>Project:</h2>
C:\Users\sunsi\Desktop\ÊµÑµ\51_car\51car.uvproj
Project File Date:  12/06/2025

<h2>Output:</h2>
Rebuild target 'Target 1'
assembling STARTUP.A51...
compiling main.c...
spi.h(38): error C141: syntax error near 'TxData', expected ')'
lcd.h(19): error C141: syntax error near 'dat', expected ')'
lcd.h(20): error C141: syntax error near 'dat', expected ')'
lcd.h(21): error C141: syntax error near 'dat', expected ')'
lcd.h(22): error C141: syntax error near 'dat', expected ')'
lcd.h(23): error C141: syntax error near 'x1', expected ')'
lcd.h(28): error C141: syntax error near 'xsta', expected ')'
lcd.h(29): error C141: syntax error near 'x', expected ')'
lcd.h(30): error C141: syntax error near 'x1', expected ')'
lcd.h(31): error C141: syntax error near 'x1', expected ')'
lcd.h(32): error C141: syntax error near 'x0', expected ')'
lcd.h(34): error C141: syntax error near 'x', expected ')'
lcd.h(35): error C141: syntax error near 'x', expected ')'
main.c(9): error C208: '_LCD_Fill': too many actual parameters
compiling beep.c...
compiling delay.c...
compiling key.c...
compiling lcd.c...
lcd.h(19): error C141: syntax error near 'dat', expected ')'
lcd.h(20): error C141: syntax error near 'dat', expected ')'
lcd.h(21): error C141: syntax error near 'dat', expected ')'
lcd.h(22): error C141: syntax error near 'dat', expected ')'
lcd.h(23): error C141: syntax error near 'x1', expected ')'
lcd.h(28): error C141: syntax error near 'xsta', expected ')'
lcd.h(29): error C141: syntax error near 'x', expected ')'
lcd.h(30): error C141: syntax error near 'x1', expected ')'
lcd.h(31): error C141: syntax error near 'x1', expected ')'
lcd.h(32): error C141: syntax error near 'x0', expected ')'
lcd.h(34): error C141: syntax error near 'x', expected ')'
lcd.h(35): error C141: syntax error near 'x', expected ')'
spi.h(38): error C141: syntax error near 'TxData', expected ')'
lcd.c(66): error C236: '_LCD_Address_Set': different length of parameter lists
lcd.c(221): error C236: '_LCD_Fill': different length of parameter lists
lcd.c(237): error C236: '_LCD_DrawPoint': different length of parameter lists
lcd.c(251): error C236: '_LCD_DrawLine': different length of parameter lists
lcd.c(294): error C236: '_LCD_DrawRectangle': different length of parameter lists
lcd.c(310): error C236: '_Draw_Circle': different length of parameter lists
lcd.c(346): error C236: '_LCD_ShowChar': different length of parameter lists
lcd.c(402): error C236: '_LCD_ShowString': different length of parameter lists
compiling led.c...
compiling spi.c...
spi.h(38): error C141: syntax error near 'TxData', expected ')'
Target not created.
Build Time Elapsed:  00:00:01
</pre>
</body>
</html>
